<?xml version="1.0" encoding="UTF-8"?>
<!-- Generated by org.testng.reporters.JUnitXMLReporter -->
<testsuite ignored="0" hostname="Niwass-MBP.lan" failures="0" tests="4" name="ContactTest" time="86.231" errors="0" timestamp="2024-02-15T08:09:23 PST">
  <testcase classname="com.Salesforce.Automation.SalesforceContacts" name="TC25" time="13.947"/>
  <testcase classname="com.Salesforce.Automation.SalesforceContacts" name="TC26" time="25.76"/>
  <testcase classname="com.Salesforce.Automation.SalesforceContacts" name="TC27" time="8.144"/>
  <testcase classname="com.Salesforce.Automation.SalesforceContacts" name="TC28" time="18.767"/>
</testsuite> <!-- ContactTest -->
