<?xml version="1.0" encoding="UTF-8"?>
<testsuite xmlns:xsi="http://www.w3.org/2001/XMLSchema-instance" xsi:noNamespaceSchemaLocation="https://maven.apache.org/surefire/maven-surefire-plugin/xsd/surefire-test-report-3.0.xsd" version="3.0" name="TestSuite" time="38.321" tests="5" errors="0" skipped="0" failures="0">
  <properties>
[...]
</properties>
  <testcase name="CheckRememberme3" classname="com.Salesforce.Automation.Salesforcelogin" time="9.132">
    <system-out><![CDATA[2024-03-12 19:20:39,125 INFO  SFDCListenerUtilities.java:30 - LoginTest...........execution has started..............
2024-03-12 19:20:39,596 INFO  BaseTest.java:40 - ----------------SetUp Before Method executed-------------- 
2024-03-12 19:20:42,859 INFO  BaseTest.java:62 - Browser instance is created
2024-03-12 19:20:43,257 INFO  BaseTest.java:65 - Window is maximized
2024-03-12 19:20:44,199 INFO  BaseTest.java:95 - https://login.salesforce.com/ was entered
2024-03-12 19:20:44,210 INFO  SFDCListenerUtilities.java:52 - CheckRememberme3............execution started..............
2024-03-12 19:20:44,643 INFO  SFDCBasePage.java:48 - User data is entered in Username textbox textbox
2024-03-12 19:20:45,080 INFO  SFDCBasePage.java:48 - User data is entered in password field textbox
2024-03-12 19:20:45,421 INFO  SFDCBasePage.java:89 - Waited for checkbox visibility
2024-03-12 19:20:45,588 INFO  SFDCBasePage.java:59 - Check Box button is clicked
2024-03-12 19:20:51,345 INFO  SFDCBasePage.java:59 - login button button is clicked
2024-03-12 19:20:51,382 INFO  SFDCBasePage.java:70 - Text is extracted from User Page
2024-03-12 19:20:51,474 INFO  SFDCBasePage.java:59 - Dropdown Element button is clicked
2024-03-12 19:20:51,868 INFO  SFDCBasePage.java:59 - Logout button is clicked
2024-03-12 19:20:53,220 INFO  SFDCBasePage.java:89 - Waited for loginid visibility
Usrname is displayed
]]></system-out>
    <system-err><![CDATA[SLF4J(W): No SLF4J providers were found.
SLF4J(W): Defaulting to no-operation (NOP) logger implementation
SLF4J(W): See https://www.slf4j.org/codes.html#noProviders for further details.
Starting ChromeDriver 122.0.6261.111 (9d4c1072da62b411b351a38b9ed6214ab236aa7b-refs/branch-heads/6261@{#1015}) on port 10745
Only local connections are allowed.
Please see https://chromedriver.chromium.org/security-considerations for suggestions on keeping ChromeDriver safe.
ChromeDriver was started successfully.
Mar 12, 2024 7:20:42 PM org.openqa.selenium.remote.ProtocolHandshake createSession
INFO: Detected dialect: W3C
]]></system-err>
  </testcase>
  <testcase name="Forgotpassword4A" classname="com.Salesforce.Automation.Salesforcelogin" time="1.479">
    <system-out><![CDATA[2024-03-12 19:20:53,352 INFO  SFDCListenerUtilities.java:59 - CheckRememberme3............execution completed with success..............
2024-03-12 19:20:53,613 INFO  BaseTest.java:103 - Browser instance closed
2024-03-12 19:20:53,614 INFO  BaseTest.java:49 - ----------------Tear Down After Method executed-------------- 
2024-03-12 19:20:53,618 INFO  BaseTest.java:40 - ----------------SetUp Before Method executed-------------- 
2024-03-12 19:20:55,110 INFO  BaseTest.java:62 - Browser instance is created
2024-03-12 19:20:55,458 INFO  BaseTest.java:65 - Window is maximized
2024-03-12 19:20:56,419 INFO  BaseTest.java:95 - https://login.salesforce.com/ was entered
2024-03-12 19:20:56,421 INFO  SFDCListenerUtilities.java:52 - Forgotpassword4A............execution started..............
2024-03-12 19:20:56,845 INFO  SFDCBasePage.java:59 - Forgot Password button is clicked
2024-03-12 19:20:56,885 INFO  SFDCBasePage.java:70 - Text is extracted from Forgot Password
2024-03-12 19:20:57,084 INFO  SFDCBasePage.java:48 - User data is entered in Userid textbox
2024-03-12 19:20:57,857 INFO  SFDCBasePage.java:59 - Continue button button is clicked
2024-03-12 19:20:57,901 INFO  SFDCBasePage.java:70 - Text is extracted from New Page Header
]]></system-out>
    <system-err><![CDATA[Starting ChromeDriver 122.0.6261.111 (9d4c1072da62b411b351a38b9ed6214ab236aa7b-refs/branch-heads/6261@{#1015}) on port 3716
Only local connections are allowed.
Please see https://chromedriver.chromium.org/security-considerations for suggestions on keeping ChromeDriver safe.
ChromeDriver was started successfully.
Mar 12, 2024 7:20:55 PM org.openqa.selenium.remote.ProtocolHandshake createSession
INFO: Detected dialect: W3C
]]></system-err>
  </testcase>
  <testcase name="Forgotpassword4B" classname="com.Salesforce.Automation.Salesforcelogin" time="1.18">
    <system-out><![CDATA[2024-03-12 19:20:57,902 INFO  SFDCListenerUtilities.java:59 - Forgotpassword4A............execution completed with success..............
2024-03-12 19:20:58,071 INFO  BaseTest.java:103 - Browser instance closed
2024-03-12 19:20:58,072 INFO  BaseTest.java:49 - ----------------Tear Down After Method executed-------------- 
2024-03-12 19:20:58,075 INFO  BaseTest.java:40 - ----------------SetUp Before Method executed-------------- 
2024-03-12 19:20:59,462 INFO  BaseTest.java:62 - Browser instance is created
2024-03-12 19:20:59,758 INFO  BaseTest.java:65 - Window is maximized
2024-03-12 19:21:00,782 INFO  BaseTest.java:95 - https://login.salesforce.com/ was entered
2024-03-12 19:21:00,783 INFO  SFDCListenerUtilities.java:52 - Forgotpassword4B............execution started..............
2024-03-12 19:21:01,024 INFO  SFDCBasePage.java:48 - User data is entered in Usrname Text Box textbox
2024-03-12 19:21:01,181 INFO  SFDCBasePage.java:48 - User data is entered in Password Field textbox
2024-03-12 19:21:01,457 INFO  SFDCBasePage.java:59 - login button button is clicked
2024-03-12 19:21:01,702 INFO  SFDCBasePage.java:70 - Text is extracted from Error Message
]]></system-out>
    <system-err><![CDATA[Starting ChromeDriver 122.0.6261.111 (9d4c1072da62b411b351a38b9ed6214ab236aa7b-refs/branch-heads/6261@{#1015}) on port 28065
Only local connections are allowed.
Please see https://chromedriver.chromium.org/security-considerations for suggestions on keeping ChromeDriver safe.
ChromeDriver was started successfully.
Mar 12, 2024 7:20:59 PM org.openqa.selenium.remote.ProtocolHandshake createSession
INFO: Detected dialect: W3C
]]></system-err>
  </testcase>
  <testcase name="LoginError1" classname="com.Salesforce.Automation.Salesforcelogin" time="1.137">
    <system-out><![CDATA[2024-03-12 19:21:01,965 INFO  SFDCListenerUtilities.java:59 - Forgotpassword4B............execution completed with success..............
2024-03-12 19:21:02,255 INFO  BaseTest.java:103 - Browser instance closed
2024-03-12 19:21:02,255 INFO  BaseTest.java:49 - ----------------Tear Down After Method executed-------------- 
2024-03-12 19:21:02,258 INFO  BaseTest.java:40 - ----------------SetUp Before Method executed-------------- 
2024-03-12 19:21:03,704 INFO  BaseTest.java:62 - Browser instance is created
2024-03-12 19:21:04,066 INFO  BaseTest.java:65 - Window is maximized
2024-03-12 19:21:05,049 INFO  BaseTest.java:95 - https://login.salesforce.com/ was entered
2024-03-12 19:21:05,049 INFO  SFDCListenerUtilities.java:52 - LoginError1............execution started..............
2024-03-12 19:21:05,051 INFO  Salesforcelogin.java:40 - ------LoginError1 Automation Script started-----------
2024-03-12 19:21:05,325 INFO  SFDCBasePage.java:48 - User data is entered in Username textbox textbox
2024-03-12 19:21:05,474 INFO  SFDCBasePage.java:48 - User data is entered in password field textbox
2024-03-12 19:21:06,153 INFO  SFDCBasePage.java:59 - login button button is clicked
2024-03-12 19:21:06,186 INFO  SFDCBasePage.java:70 - Text is extracted from Error Message
]]></system-out>
    <system-err><![CDATA[Starting ChromeDriver 122.0.6261.111 (9d4c1072da62b411b351a38b9ed6214ab236aa7b-refs/branch-heads/6261@{#1015}) on port 1255
Only local connections are allowed.
Please see https://chromedriver.chromium.org/security-considerations for suggestions on keeping ChromeDriver safe.
ChromeDriver was started successfully.
Mar 12, 2024 7:21:03 PM org.openqa.selenium.remote.ProtocolHandshake createSession
INFO: Detected dialect: W3C
]]></system-err>
  </testcase>
  <testcase name="LogintoSalesforce2" classname="com.Salesforce.Automation.Salesforcelogin" time="6.242">
    <system-out><![CDATA[2024-03-12 19:21:06,187 INFO  SFDCListenerUtilities.java:59 - LoginError1............execution completed with success..............
2024-03-12 19:21:06,408 INFO  BaseTest.java:103 - Browser instance closed
2024-03-12 19:21:06,409 INFO  BaseTest.java:49 - ----------------Tear Down After Method executed-------------- 
2024-03-12 19:21:06,413 INFO  BaseTest.java:40 - ----------------SetUp Before Method executed-------------- 
2024-03-12 19:21:07,715 INFO  BaseTest.java:62 - Browser instance is created
2024-03-12 19:21:07,983 INFO  BaseTest.java:65 - Window is maximized
2024-03-12 19:21:08,978 INFO  BaseTest.java:95 - https://login.salesforce.com/ was entered
2024-03-12 19:21:08,979 INFO  SFDCListenerUtilities.java:52 - LogintoSalesforce2............execution started..............
2024-03-12 19:21:08,980 INFO  Salesforcelogin.java:59 - ------LoginError1 Automation Script started-----------
2024-03-12 19:21:09,252 INFO  SFDCBasePage.java:48 - User data is entered in Username textbox textbox
2024-03-12 19:21:09,409 INFO  SFDCBasePage.java:48 - User data is entered in password field textbox
2024-03-12 19:21:15,190 INFO  SFDCBasePage.java:59 - login button button is clicked
2024-03-12 19:21:15,221 INFO  SFDCBasePage.java:70 - Text is extracted from User Page
]]></system-out>
    <system-err><![CDATA[Starting ChromeDriver 122.0.6261.111 (9d4c1072da62b411b351a38b9ed6214ab236aa7b-refs/branch-heads/6261@{#1015}) on port 20641
Only local connections are allowed.
Please see https://chromedriver.chromium.org/security-considerations for suggestions on keeping ChromeDriver safe.
ChromeDriver was started successfully.
Mar 12, 2024 7:21:07 PM org.openqa.selenium.remote.ProtocolHandshake createSession
INFO: Detected dialect: W3C
]]></system-err>
  </testcase>
</testsuite>