<?xml version="1.0" encoding="UTF-8"?>
<testng-results ignored="0" total="5" passed="5" failed="0" skipped="0">
  <reporter-output>
  </reporter-output>
  <suite started-at="2024-03-12T19:20:39 PDT" name="SFDCSuite" finished-at="2024-03-12T19:21:15 PDT" duration-ms="36379">
    <groups>
    </groups>
    <test started-at="2024-03-12T19:20:39 PDT" name="LoginTest" finished-at="2024-03-12T19:21:15 PDT" duration-ms="36379">
      <class name="com.Salesforce.Automation.Salesforcelogin">
        <test-method is-config="true" signature="SetupBeforeMethod(java.lang.String)[pri:0, instance:com.Salesforce.Automation.Salesforcelogin@289710d9]" started-at="2024-03-12T19:20:39 PDT" name="SetupBeforeMethod" finished-at="2024-03-12T19:20:44 PDT" duration-ms="4633" status="PASS">
          <params>
            <param index="0">
              <value>
                <![CDATA[chrome]]>
              </value>
            </param>
          </params>
          <reporter-output>
          </reporter-output>
        </test-method> <!-- SetupBeforeMethod -->
        <test-method signature="CheckRememberme3()[pri:0, instance:com.Salesforce.Automation.Salesforcelogin@289710d9]" started-at="2024-03-12T19:20:44 PDT" name="CheckRememberme3" finished-at="2024-03-12T19:20:53 PDT" duration-ms="9143" status="PASS">
          <reporter-output>
          </reporter-output>
        </test-method> <!-- CheckRememberme3 -->
        <test-method is-config="true" signature="TearDownAfterMethod()[pri:0, instance:com.Salesforce.Automation.Salesforcelogin@289710d9]" started-at="2024-03-12T19:20:53 PDT" name="TearDownAfterMethod" finished-at="2024-03-12T19:20:53 PDT" duration-ms="258" status="PASS">
          <reporter-output>
          </reporter-output>
        </test-method> <!-- TearDownAfterMethod -->
        <test-method is-config="true" signature="SetupBeforeMethod(java.lang.String)[pri:0, instance:com.Salesforce.Automation.Salesforcelogin@289710d9]" started-at="2024-03-12T19:20:53 PDT" name="SetupBeforeMethod" finished-at="2024-03-12T19:20:56 PDT" duration-ms="2804" status="PASS">
          <params>
            <param index="0">
              <value>
                <![CDATA[chrome]]>
              </value>
            </param>
          </params>
          <reporter-output>
          </reporter-output>
        </test-method> <!-- SetupBeforeMethod -->
        <test-method signature="Forgotpassword4A()[pri:0, instance:com.Salesforce.Automation.Salesforcelogin@289710d9]" started-at="2024-03-12T19:20:56 PDT" name="Forgotpassword4A" finished-at="2024-03-12T19:20:57 PDT" duration-ms="1481" status="PASS">
          <reporter-output>
          </reporter-output>
        </test-method> <!-- Forgotpassword4A -->
        <test-method is-config="true" signature="TearDownAfterMethod()[pri:0, instance:com.Salesforce.Automation.Salesforcelogin@289710d9]" started-at="2024-03-12T19:20:57 PDT" name="TearDownAfterMethod" finished-at="2024-03-12T19:20:58 PDT" duration-ms="169" status="PASS">
          <reporter-output>
          </reporter-output>
        </test-method> <!-- TearDownAfterMethod -->
        <test-method is-config="true" signature="SetupBeforeMethod(java.lang.String)[pri:0, instance:com.Salesforce.Automation.Salesforcelogin@289710d9]" started-at="2024-03-12T19:20:58 PDT" name="SetupBeforeMethod" finished-at="2024-03-12T19:21:00 PDT" duration-ms="2708" status="PASS">
          <params>
            <param index="0">
              <value>
                <![CDATA[chrome]]>
              </value>
            </param>
          </params>
          <reporter-output>
          </reporter-output>
        </test-method> <!-- SetupBeforeMethod -->
        <test-method signature="Forgotpassword4B()[pri:0, instance:com.Salesforce.Automation.Salesforcelogin@289710d9]" started-at="2024-03-12T19:21:00 PDT" name="Forgotpassword4B" finished-at="2024-03-12T19:21:01 PDT" duration-ms="1182" status="PASS">
          <reporter-output>
          </reporter-output>
        </test-method> <!-- Forgotpassword4B -->
        <test-method is-config="true" signature="TearDownAfterMethod()[pri:0, instance:com.Salesforce.Automation.Salesforcelogin@289710d9]" started-at="2024-03-12T19:21:01 PDT" name="TearDownAfterMethod" finished-at="2024-03-12T19:21:02 PDT" duration-ms="290" status="PASS">
          <reporter-output>
          </reporter-output>
        </test-method> <!-- TearDownAfterMethod -->
        <test-method is-config="true" signature="SetupBeforeMethod(java.lang.String)[pri:0, instance:com.Salesforce.Automation.Salesforcelogin@289710d9]" started-at="2024-03-12T19:21:02 PDT" name="SetupBeforeMethod" finished-at="2024-03-12T19:21:05 PDT" duration-ms="2792" status="PASS">
          <params>
            <param index="0">
              <value>
                <![CDATA[chrome]]>
              </value>
            </param>
          </params>
          <reporter-output>
          </reporter-output>
        </test-method> <!-- SetupBeforeMethod -->
        <test-method signature="LoginError1()[pri:0, instance:com.Salesforce.Automation.Salesforcelogin@289710d9]" started-at="2024-03-12T19:21:05 PDT" name="LoginError1" finished-at="2024-03-12T19:21:06 PDT" duration-ms="1137" status="PASS">
          <reporter-output>
          </reporter-output>
        </test-method> <!-- LoginError1 -->
        <test-method is-config="true" signature="TearDownAfterMethod()[pri:0, instance:com.Salesforce.Automation.Salesforcelogin@289710d9]" started-at="2024-03-12T19:21:06 PDT" name="TearDownAfterMethod" finished-at="2024-03-12T19:21:06 PDT" duration-ms="221" status="PASS">
          <reporter-output>
          </reporter-output>
        </test-method> <!-- TearDownAfterMethod -->
        <test-method is-config="true" signature="SetupBeforeMethod(java.lang.String)[pri:0, instance:com.Salesforce.Automation.Salesforcelogin@289710d9]" started-at="2024-03-12T19:21:06 PDT" name="SetupBeforeMethod" finished-at="2024-03-12T19:21:08 PDT" duration-ms="2568" status="PASS">
          <params>
            <param index="0">
              <value>
                <![CDATA[chrome]]>
              </value>
            </param>
          </params>
          <reporter-output>
          </reporter-output>
        </test-method> <!-- SetupBeforeMethod -->
        <test-method signature="LogintoSalesforce2()[pri:0, instance:com.Salesforce.Automation.Salesforcelogin@289710d9]" started-at="2024-03-12T19:21:08 PDT" name="LogintoSalesforce2" finished-at="2024-03-12T19:21:15 PDT" duration-ms="6243" status="PASS">
          <reporter-output>
          </reporter-output>
        </test-method> <!-- LogintoSalesforce2 -->
        <test-method is-config="true" signature="TearDownAfterMethod()[pri:0, instance:com.Salesforce.Automation.Salesforcelogin@289710d9]" started-at="2024-03-12T19:21:15 PDT" name="TearDownAfterMethod" finished-at="2024-03-12T19:21:15 PDT" duration-ms="262" status="PASS">
          <reporter-output>
          </reporter-output>
        </test-method> <!-- TearDownAfterMethod -->
      </class> <!-- com.Salesforce.Automation.Salesforcelogin -->
    </test> <!-- LoginTest -->
  </suite> <!-- SFDCSuite -->
</testng-results>
