<?xml version="1.0" encoding="UTF-8"?>
<testng-results ignored="0" total="5" passed="5" failed="0" skipped="0">
  <reporter-output>
  </reporter-output>
  <suite started-at="2024-02-19T00:38:12 PST" name="SFDCSuite" finished-at="2024-02-19T00:38:50 PST" duration-ms="38549">
    <groups>
    </groups>
    <test started-at="2024-02-19T00:38:12 PST" name="LoginTest" finished-at="2024-02-19T00:38:50 PST" duration-ms="38549">
      <class name="com.Salesforce.Automation.Salesforcelogin">
        <test-method is-config="true" signature="SetupBeforeMethod(java.lang.String)[pri:0, instance:com.Salesforce.Automation.Salesforcelogin@289710d9]" started-at="2024-02-19T00:38:12 PST" name="SetupBeforeMethod" finished-at="2024-02-19T00:38:16 PST" duration-ms="3969" status="PASS">
          <params>
            <param index="0">
              <value>
                <![CDATA[chrome]]>
              </value>
            </param>
          </params>
          <reporter-output>
          </reporter-output>
        </test-method> <!-- SetupBeforeMethod -->
        <test-method signature="CheckRememberme3()[pri:0, instance:com.Salesforce.Automation.Salesforcelogin@289710d9]" started-at="2024-02-19T00:38:16 PST" name="CheckRememberme3" finished-at="2024-02-19T00:38:25 PST" duration-ms="9239" status="PASS">
          <reporter-output>
          </reporter-output>
        </test-method> <!-- CheckRememberme3 -->
        <test-method is-config="true" signature="TearDownAfterMethod()[pri:0, instance:com.Salesforce.Automation.Salesforcelogin@289710d9]" started-at="2024-02-19T00:38:25 PST" name="TearDownAfterMethod" finished-at="2024-02-19T00:38:25 PST" duration-ms="238" status="PASS">
          <reporter-output>
          </reporter-output>
        </test-method> <!-- TearDownAfterMethod -->
        <test-method is-config="true" signature="SetupBeforeMethod(java.lang.String)[pri:0, instance:com.Salesforce.Automation.Salesforcelogin@289710d9]" started-at="2024-02-19T00:38:25 PST" name="SetupBeforeMethod" finished-at="2024-02-19T00:38:28 PST" duration-ms="2748" status="PASS">
          <params>
            <param index="0">
              <value>
                <![CDATA[chrome]]>
              </value>
            </param>
          </params>
          <reporter-output>
          </reporter-output>
        </test-method> <!-- SetupBeforeMethod -->
        <test-method signature="Forgotpassword4A()[pri:0, instance:com.Salesforce.Automation.Salesforcelogin@289710d9]" started-at="2024-02-19T00:38:28 PST" name="Forgotpassword4A" finished-at="2024-02-19T00:38:30 PST" duration-ms="1724" status="PASS">
          <reporter-output>
          </reporter-output>
        </test-method> <!-- Forgotpassword4A -->
        <test-method is-config="true" signature="TearDownAfterMethod()[pri:0, instance:com.Salesforce.Automation.Salesforcelogin@289710d9]" started-at="2024-02-19T00:38:30 PST" name="TearDownAfterMethod" finished-at="2024-02-19T00:38:30 PST" duration-ms="125" status="PASS">
          <reporter-output>
          </reporter-output>
        </test-method> <!-- TearDownAfterMethod -->
        <test-method is-config="true" signature="SetupBeforeMethod(java.lang.String)[pri:0, instance:com.Salesforce.Automation.Salesforcelogin@289710d9]" started-at="2024-02-19T00:38:30 PST" name="SetupBeforeMethod" finished-at="2024-02-19T00:38:33 PST" duration-ms="2580" status="PASS">
          <params>
            <param index="0">
              <value>
                <![CDATA[chrome]]>
              </value>
            </param>
          </params>
          <reporter-output>
          </reporter-output>
        </test-method> <!-- SetupBeforeMethod -->
        <test-method signature="Forgotpassword4B()[pri:0, instance:com.Salesforce.Automation.Salesforcelogin@289710d9]" started-at="2024-02-19T00:38:33 PST" name="Forgotpassword4B" finished-at="2024-02-19T00:38:34 PST" duration-ms="1462" status="PASS">
          <reporter-output>
          </reporter-output>
        </test-method> <!-- Forgotpassword4B -->
        <test-method is-config="true" signature="TearDownAfterMethod()[pri:0, instance:com.Salesforce.Automation.Salesforcelogin@289710d9]" started-at="2024-02-19T00:38:34 PST" name="TearDownAfterMethod" finished-at="2024-02-19T00:38:34 PST" duration-ms="149" status="PASS">
          <reporter-output>
          </reporter-output>
        </test-method> <!-- TearDownAfterMethod -->
        <test-method is-config="true" signature="SetupBeforeMethod(java.lang.String)[pri:0, instance:com.Salesforce.Automation.Salesforcelogin@289710d9]" started-at="2024-02-19T00:38:34 PST" name="SetupBeforeMethod" finished-at="2024-02-19T00:38:37 PST" duration-ms="2741" status="PASS">
          <params>
            <param index="0">
              <value>
                <![CDATA[chrome]]>
              </value>
            </param>
          </params>
          <reporter-output>
          </reporter-output>
        </test-method> <!-- SetupBeforeMethod -->
        <test-method signature="LoginError1()[pri:0, instance:com.Salesforce.Automation.Salesforcelogin@289710d9]" started-at="2024-02-19T00:38:37 PST" name="LoginError1" finished-at="2024-02-19T00:38:39 PST" duration-ms="1769" status="PASS">
          <reporter-output>
          </reporter-output>
        </test-method> <!-- LoginError1 -->
        <test-method is-config="true" signature="TearDownAfterMethod()[pri:0, instance:com.Salesforce.Automation.Salesforcelogin@289710d9]" started-at="2024-02-19T00:38:39 PST" name="TearDownAfterMethod" finished-at="2024-02-19T00:38:39 PST" duration-ms="201" status="PASS">
          <reporter-output>
          </reporter-output>
        </test-method> <!-- TearDownAfterMethod -->
        <test-method is-config="true" signature="SetupBeforeMethod(java.lang.String)[pri:0, instance:com.Salesforce.Automation.Salesforcelogin@289710d9]" started-at="2024-02-19T00:38:39 PST" name="SetupBeforeMethod" finished-at="2024-02-19T00:38:42 PST" duration-ms="2662" status="PASS">
          <params>
            <param index="0">
              <value>
                <![CDATA[chrome]]>
              </value>
            </param>
          </params>
          <reporter-output>
          </reporter-output>
        </test-method> <!-- SetupBeforeMethod -->
        <test-method signature="LogintoSalesforce2()[pri:0, instance:com.Salesforce.Automation.Salesforcelogin@289710d9]" started-at="2024-02-19T00:38:42 PST" name="LogintoSalesforce2" finished-at="2024-02-19T00:38:50 PST" duration-ms="8347" status="PASS">
          <reporter-output>
          </reporter-output>
        </test-method> <!-- LogintoSalesforce2 -->
        <test-method is-config="true" signature="TearDownAfterMethod()[pri:0, instance:com.Salesforce.Automation.Salesforcelogin@289710d9]" started-at="2024-02-19T00:38:50 PST" name="TearDownAfterMethod" finished-at="2024-02-19T00:38:50 PST" duration-ms="186" status="PASS">
          <reporter-output>
          </reporter-output>
        </test-method> <!-- TearDownAfterMethod -->
      </class> <!-- com.Salesforce.Automation.Salesforcelogin -->
    </test> <!-- LoginTest -->
  </suite> <!-- SFDCSuite -->
</testng-results>
