<?xml version="1.0" encoding="UTF-8"?>
<testng-results ignored="0" total="8" passed="8" failed="0" skipped="0">
  <reporter-output>
  </reporter-output>
  <suite started-at="2024-03-21T19:43:01 PDT" name="Default suite" finished-at="2024-03-21T19:43:09 PDT" duration-ms="8722">
    <groups>
    </groups>
    <test started-at="2024-03-21T19:43:01 PDT" name="Default test" finished-at="2024-03-21T19:43:09 PDT" duration-ms="8722">
      <class name="org.GitHub.CRUD.GitHub">
        <test-method is-config="true" signature="beforeSuite()[pri:0, instance:org.GitHub.CRUD.GitHub@5119fb47]" started-at="2024-03-21T19:43:00 PDT" name="beforeSuite" finished-at="2024-03-21T19:43:01 PDT" duration-ms="108" status="PASS">
          <reporter-output>
          </reporter-output>
        </test-method> <!-- beforeSuite -->
        <test-method is-config="true" signature="setup()[pri:0, instance:org.GitHub.CRUD.GitHub@5119fb47]" started-at="2024-03-21T19:43:01 PDT" name="setup" finished-at="2024-03-21T19:43:01 PDT" duration-ms="434" status="PASS">
          <reporter-output>
          </reporter-output>
        </test-method> <!-- setup -->
        <test-method is-config="true" signature="beforeClass()[pri:0, instance:org.GitHub.CRUD.GitHub@5119fb47]" started-at="2024-03-21T19:43:01 PDT" name="beforeClass" finished-at="2024-03-21T19:43:01 PDT" duration-ms="32" status="PASS">
          <reporter-output>
          </reporter-output>
        </test-method> <!-- beforeClass -->
        <test-method signature="negativevalidationGetSingleRepository()[pri:0, instance:org.GitHub.CRUD.GitHub@5119fb47]" started-at="2024-03-21T19:43:01 PDT" name="negativevalidationGetSingleRepository" finished-at="2024-03-21T19:43:04 PDT" duration-ms="2707" status="PASS">
          <reporter-output>
          </reporter-output>
        </test-method> <!-- negativevalidationGetSingleRepository -->
        <test-method signature="validateAddDataFunctionality()[pri:0, instance:org.GitHub.CRUD.GitHub@5119fb47]" started-at="2024-03-21T19:43:04 PDT" name="validateAddDataFunctionality" description="validate added data" finished-at="2024-03-21T19:43:05 PDT" duration-ms="1279" status="PASS">
          <reporter-output>
          </reporter-output>
        </test-method> <!-- validateAddDataFunctionality -->
        <test-method signature="validateGetAllRepository()[pri:0, instance:org.GitHub.CRUD.GitHub@5119fb47]" started-at="2024-03-21T19:43:05 PDT" name="validateGetAllRepository" finished-at="2024-03-21T19:43:07 PDT" duration-ms="1404" status="PASS">
          <reporter-output>
          </reporter-output>
        </test-method> <!-- validateGetAllRepository -->
        <test-method signature="validateGetSingleRepository()[pri:0, instance:org.GitHub.CRUD.GitHub@5119fb47]" started-at="2024-03-21T19:43:07 PDT" name="validateGetSingleRepository" finished-at="2024-03-21T19:43:07 PDT" duration-ms="534" status="PASS">
          <reporter-output>
          </reporter-output>
        </test-method> <!-- validateGetSingleRepository -->
        <test-method signature="negativeAddDataFunctionality()[pri:1, instance:org.GitHub.CRUD.GitHub@5119fb47]" started-at="2024-03-21T19:43:07 PDT" name="negativeAddDataFunctionality" description="validate negative added data " finished-at="2024-03-21T19:43:08 PDT" depends-on-methods="org.GitHub.CRUD.GitHub.validateAddDataFunctionality" duration-ms="449" status="PASS">
          <reporter-output>
          </reporter-output>
        </test-method> <!-- negativeAddDataFunctionality -->
        <test-method signature="validateUpdateDataFunctionality()[pri:2, instance:org.GitHub.CRUD.GitHub@5119fb47]" started-at="2024-03-21T19:43:08 PDT" name="validateUpdateDataFunctionality" description="validate update data " finished-at="2024-03-21T19:43:08 PDT" depends-on-methods="org.GitHub.CRUD.GitHub.validateAddDataFunctionality" duration-ms="678" status="PASS">
          <reporter-output>
          </reporter-output>
        </test-method> <!-- validateUpdateDataFunctionality -->
        <test-method signature="validateDeleteData()[pri:3, instance:org.GitHub.CRUD.GitHub@5119fb47]" started-at="2024-03-21T19:43:08 PDT" name="validateDeleteData" description="validate Delete data " finished-at="2024-03-21T19:43:09 PDT" depends-on-methods="org.GitHub.CRUD.GitHub.validateUpdateDataFunctionality" duration-ms="481" status="PASS">
          <reporter-output>
          </reporter-output>
        </test-method> <!-- validateDeleteData -->
        <test-method signature="negativeDeleteData()[pri:4, instance:org.GitHub.CRUD.GitHub@5119fb47]" started-at="2024-03-21T19:43:09 PDT" name="negativeDeleteData" description="negative valaidation of Delete data " finished-at="2024-03-21T19:43:09 PDT" depends-on-methods="org.GitHub.CRUD.GitHub.validateDeleteData" duration-ms="373" status="PASS">
          <reporter-output>
          </reporter-output>
        </test-method> <!-- negativeDeleteData -->
      </class> <!-- org.GitHub.CRUD.GitHub -->
    </test> <!-- Default test -->
  </suite> <!-- Default suite -->
</testng-results>
