<?xml version="1.0" encoding="UTF-8"?>
<!-- Generated by org.testng.reporters.JUnitXMLReporter -->
<testsuite ignored="0" hostname="Niwass-MBP.lan" failures="0" tests="13" name="ContactTest" time="179.555" errors="0" timestamp="2024-02-14T15:42:43 PST">
  <testcase classname="com.Salesforce.Automation.SalesforceContacts" name="TC25" time="11.382"/>
  <testcase classname="com.Salesforce.Automation.SalesforceContacts" name="TC26" time="19.912"/>
  <testcase classname="com.Salesforce.Automation.SalesforceContacts" name="TC27" time="7.91"/>
  <testcase classname="com.Salesforce.Automation.SalesforceContacts" name="TC28" time="15.083"/>
  <testcase classname="com.Salesforce.Automation.SalesforceContacts" name="TC29" time="14.814"/>
  <testcase classname="com.Salesforce.Automation.SalesforceContacts" name="TC30" time="14.758"/>
  <testcase classname="com.Salesforce.Automation.SalesforceContacts" name="TC31" time="24.591"/>
  <testcase classname="com.Salesforce.Automation.SalesforceContacts" name="TC32" time="8.509"/>
  <testcase classname="com.Salesforce.Automation.Salesforcelogin" name="CheckRememberme3" time="8.897"/>
  <testcase classname="com.Salesforce.Automation.Salesforcelogin" name="Forgotpassword4A" time="1.593"/>
  <testcase classname="com.Salesforce.Automation.Salesforcelogin" name="Forgotpassword4B" time="2.125"/>
  <testcase classname="com.Salesforce.Automation.Salesforcelogin" name="LoginError1" time="2.328"/>
  <testcase classname="com.Salesforce.Automation.Salesforcelogin" name="LogintoSalesforce2" time="6.759"/>
</testsuite> <!-- ContactTest -->
