<?xml version="1.0" encoding="UTF-8"?>
<!-- Generated by org.testng.reporters.JUnitXMLReporter -->
<testsuite ignored="0" hostname="Niwass-MBP.lan" failures="0" tests="5" name="LoginTest" time="35.492" errors="0" timestamp="2024-02-16T12:08:12 PST">
  <testcase classname="com.Salesforce.Automation.Salesforcelogin" name="CheckRememberme3" time="9.169"/>
  <testcase classname="com.Salesforce.Automation.Salesforcelogin" name="Forgotpassword4A" time="1.567"/>
  <testcase classname="com.Salesforce.Automation.Salesforcelogin" name="Forgotpassword4B" time="1.738"/>
  <testcase classname="com.Salesforce.Automation.Salesforcelogin" name="LoginError1" time="1.591"/>
  <testcase classname="com.Salesforce.Automation.Salesforcelogin" name="LogintoSalesforce2" time="5.512"/>
</testsuite> <!-- LoginTest -->
