<?xml version="1.0" encoding="UTF-8"?>
<!-- Generated by org.testng.reporters.JUnitXMLReporter -->
<testsuite ignored="4" hostname="Niwass-MBP.lan" failures="1" tests="1" name="SalesforceRandomScenario(failed)" time="15.777" errors="0" timestamp="2024-02-19T12:48:05 PST">
  <testcase classname="com.Salesforce.Automation.SalesforceRandomScenario" name="TC33" time="12.408">
    <failure type="java.lang.AssertionError" message="expected [User: Rain Abcd ~ Salesforce - Developer Edition] but found [User: Rain Sing ~ Salesforce - Developer Edition]">
      <![CDATA[java.lang.AssertionError: expected [User: Rain Abcd ~ Salesforce - Developer Edition] but found [User: Rain Sing ~ Salesforce - Developer Edition]
at com.Salesforce.Automation.SalesforceRandomScenario.TC33(SalesforceRandomScenario.java:34)
at java.base/java.util.ArrayList.forEach(ArrayList.java:1511)
... Removed 33 stack frames]]>
    </failure>
  </testcase> <!-- TC33 -->
  <testcase classname="com.Salesforce.Automation.SalesforceRandomScenario" name="TC34" time="0.0">
    <ignored/>
  </testcase> <!-- TC34 -->
  <testcase classname="com.Salesforce.Automation.SalesforceRandomScenario" name="TC36" time="0.0">
    <ignored/>
  </testcase> <!-- TC36 -->
  <testcase classname="com.Salesforce.Automation.SalesforceRandomScenario" name="TC35" time="0.0">
    <ignored/>
  </testcase> <!-- TC35 -->
  <testcase classname="com.Salesforce.Automation.SalesforceRandomScenario" name="TC37" time="0.0">
    <ignored/>
  </testcase> <!-- TC37 -->
</testsuite> <!-- SalesforceRandomScenario(failed) -->
