<?xml version="1.0" encoding="UTF-8"?>
<!-- Generated by org.testng.reporters.JUnitXMLReporter -->
<testsuite ignored="4" hostname="Niwass-MBP.lan" failures="0" tests="1" name="Salesforceleads(failed)" time="13.859" errors="0" timestamp="2024-02-19T12:47:49 PST">
  <testcase classname="com.Salesforce.Automation.Salesforceleads" name="TC23" time="10.752"/>
  <testcase classname="com.Salesforce.Automation.Salesforceleads" name="TC22Defaultview" time="0.0">
    <ignored/>
  </testcase> <!-- TC22Defaultview -->
  <testcase classname="com.Salesforce.Automation.Salesforceleads" name="TC20Leadtab" time="0.0">
    <ignored/>
  </testcase> <!-- TC20Leadtab -->
  <testcase classname="com.Salesforce.Automation.Salesforceleads" name="TC24" time="0.0">
    <ignored/>
  </testcase> <!-- TC24 -->
  <testcase classname="com.Salesforce.Automation.Salesforceleads" name="TC21Leadsselectview" time="0.0">
    <ignored/>
  </testcase> <!-- TC21Leadsselectview -->
</testsuite> <!-- Salesforceleads(failed) -->
