<?xml version="1.0" encoding="UTF-8"?>
<!-- Generated by org.testng.reporters.JUnitXMLReporter -->
<testsuite ignored="5" hostname="Niwass-MBP.lan" failures="2" tests="3" name="Default test(failed)" time="4.35" errors="0" timestamp="2024-03-20T19:23:36 PDT">
  <testcase classname="org.GitHub.CRUD.GitHub" name="validateDeleteData" time="1.669">
    <failure type="java.lang.AssertionError" message="Delete data functionality is not working as expected. expected [204] but found [404]">
      <![CDATA[java.lang.AssertionError: Delete data functionality is not working as expected. expected [204] but found [404]
at org.GitHub.CRUD.GitHub.validateDeleteData(GitHub.java:168)
at java.base/java.util.ArrayList.forEach(ArrayList.java:1511)
... Removed 33 stack frames]]>
    </failure>
  </testcase> <!-- validateDeleteData -->
  <testcase classname="org.GitHub.CRUD.GitHub" name="validateUpdateDataFunctionality" time="1.319">
    <failure type="java.lang.AssertionError" message="expected [Rainss] but found [null]">
      <![CDATA[java.lang.AssertionError: expected [Rainss] but found [null]
at org.GitHub.CRUD.GitHub.validateUpdateDataFunctionality(GitHub.java:156)
at java.base/java.util.ArrayList.forEach(ArrayList.java:1511)
... Removed 33 stack frames]]>
    </failure>
  </testcase> <!-- validateUpdateDataFunctionality -->
  <testcase classname="org.GitHub.CRUD.GitHub" name="negativeDeleteData" time="0.373"/>
  <testcase classname="org.GitHub.CRUD.GitHub" name="validateGetSingleRepository" time="0.0">
    <ignored/>
  </testcase> <!-- validateGetSingleRepository -->
  <testcase classname="org.GitHub.CRUD.GitHub" name="negativevalidationGetSingleRepository" time="0.0">
    <ignored/>
  </testcase> <!-- negativevalidationGetSingleRepository -->
  <testcase classname="org.GitHub.CRUD.GitHub" name="negativeAddDataFunctionality" time="0.0">
    <ignored/>
  </testcase> <!-- negativeAddDataFunctionality -->
  <testcase classname="org.GitHub.CRUD.GitHub" name="validateAddDataFunctionality" time="0.0">
    <ignored/>
  </testcase> <!-- validateAddDataFunctionality -->
  <testcase classname="org.GitHub.CRUD.GitHub" name="validateGetAllRepository" time="0.0">
    <ignored/>
  </testcase> <!-- validateGetAllRepository -->
</testsuite> <!-- Default test(failed) -->
