<?xml version="1.0" encoding="UTF-8"?>
<!-- Generated by org.testng.reporters.JUnitXMLReporter -->
<testsuite ignored="0" hostname="Niwass-MBP.lan" failures="0" tests="8" name="Default test" time="8.722" errors="0" timestamp="2024-03-21T19:43:09 PDT">
  <testcase classname="org.GitHub.CRUD.GitHub" name="negativevalidationGetSingleRepository" time="2.707"/>
  <testcase classname="org.GitHub.CRUD.GitHub" name="validateAddDataFunctionality" time="1.279"/>
  <testcase classname="org.GitHub.CRUD.GitHub" name="validateGetAllRepository" time="1.404"/>
  <testcase classname="org.GitHub.CRUD.GitHub" name="validateGetSingleRepository" time="0.534"/>
  <testcase classname="org.GitHub.CRUD.GitHub" name="negativeAddDataFunctionality" time="0.449"/>
  <testcase classname="org.GitHub.CRUD.GitHub" name="validateUpdateDataFunctionality" time="0.678"/>
  <testcase classname="org.GitHub.CRUD.GitHub" name="validateDeleteData" time="0.481"/>
  <testcase classname="org.GitHub.CRUD.GitHub" name="negativeDeleteData" time="0.373"/>
</testsuite> <!-- Default test -->
