<?xml version="1.0" encoding="UTF-8"?>
<!-- Generated by org.testng.reporters.JUnitXMLReporter -->
<testsuite ignored="0" hostname="Niwass-MBP.lan" failures="0" tests="5" name="Default test" time="33.078" errors="0" timestamp="2024-02-25T22:11:18 PST">
  <testcase classname="com.Salesforce.Automation.Salesforcelogin" name="CheckRememberme3" time="7.688"/>
  <testcase classname="com.Salesforce.Automation.Salesforcelogin" name="Forgotpassword4A" time="1.6"/>
  <testcase classname="com.Salesforce.Automation.Salesforcelogin" name="Forgotpassword4B" time="0.948"/>
  <testcase classname="com.Salesforce.Automation.Salesforcelogin" name="LoginError1" time="1.535"/>
  <testcase classname="com.Salesforce.Automation.Salesforcelogin" name="LogintoSalesforce2" time="5.563"/>
</testsuite> <!-- Default test -->
