<?xml version="1.0" encoding="UTF-8"?>
<!-- Generated by org.testng.reporters.JUnitXMLReporter -->
<testsuite ignored="0" hostname="Niwass-MBP.lan" failures="0" tests="8" name="ContactTest" time="165.585" errors="0" timestamp="2024-02-14T00:04:58 PST">
  <testcase classname="com.Salesforce.Automation.SalesforceContacts" name="TC25" time="14.473"/>
  <testcase classname="com.Salesforce.Automation.SalesforceContacts" name="TC26" time="23.208"/>
  <testcase classname="com.Salesforce.Automation.SalesforceContacts" name="TC27" time="8.251"/>
  <testcase classname="com.Salesforce.Automation.SalesforceContacts" name="TC28" time="21.499"/>
  <testcase classname="com.Salesforce.Automation.SalesforceContacts" name="TC29" time="20.132"/>
  <testcase classname="com.Salesforce.Automation.SalesforceContacts" name="TC30" time="13.842"/>
  <testcase classname="com.Salesforce.Automation.SalesforceContacts" name="TC31" time="25.457"/>
  <testcase classname="com.Salesforce.Automation.SalesforceContacts" name="TC32" time="11.259"/>
</testsuite> <!-- ContactTest -->
