<?xml version="1.0" encoding="UTF-8"?>
<testng-results ignored="4" total="5" passed="1" failed="0" skipped="0">
  <reporter-output>
  </reporter-output>
  <suite started-at="2024-02-19T00:37:02 PST" name="Default suite" finished-at="2024-02-19T00:37:18 PST" duration-ms="15412">
    <groups>
    </groups>
    <test started-at="2024-02-19T00:37:02 PST" name="Default test" finished-at="2024-02-19T00:37:18 PST" duration-ms="15412">
      <class name="com.Salesforce.Automation.Salesforcelogin">
        <test-method is-config="true" signature="SetupBeforeMethod(java.lang.String)[pri:0, instance:com.Salesforce.Automation.Salesforcelogin@363042d7]" started-at="2024-02-19T00:37:02 PST" name="SetupBeforeMethod" finished-at="2024-02-19T00:37:07 PST" duration-ms="4080" status="PASS">
          <params>
            <param index="0">
              <value>
                <![CDATA[chrome]]>
              </value>
            </param>
          </params>
          <reporter-output>
          </reporter-output>
        </test-method> <!-- SetupBeforeMethod -->
        <test-method signature="CheckRememberme3()[pri:0, instance:com.Salesforce.Automation.Salesforcelogin@363042d7]" started-at="2024-02-19T00:37:07 PST" name="CheckRememberme3" finished-at="2024-02-19T00:37:17 PST" duration-ms="10821" status="PASS">
          <reporter-output>
          </reporter-output>
        </test-method> <!-- CheckRememberme3 -->
        <test-method is-config="true" signature="TearDownAfterMethod()[pri:0, instance:com.Salesforce.Automation.Salesforcelogin@363042d7]" started-at="2024-02-19T00:37:17 PST" name="TearDownAfterMethod" finished-at="2024-02-19T00:37:18 PST" duration-ms="215" status="PASS">
          <reporter-output>
          </reporter-output>
        </test-method> <!-- TearDownAfterMethod -->
      </class> <!-- com.Salesforce.Automation.Salesforcelogin -->
    </test> <!-- Default test -->
  </suite> <!-- Default suite -->
</testng-results>
