<?xml version="1.0" encoding="UTF-8"?>
<!-- Generated by org.testng.reporters.JUnitXMLReporter -->
<testsuite ignored="0" hostname="Niwass-MBP.lan" failures="0" tests="5" name="LoginTest" time="36.379" errors="0" timestamp="2024-03-12T19:21:15 PDT">
  <testcase classname="com.Salesforce.Automation.Salesforcelogin" name="CheckRememberme3" time="9.143"/>
  <testcase classname="com.Salesforce.Automation.Salesforcelogin" name="Forgotpassword4A" time="1.481"/>
  <testcase classname="com.Salesforce.Automation.Salesforcelogin" name="Forgotpassword4B" time="1.182"/>
  <testcase classname="com.Salesforce.Automation.Salesforcelogin" name="LoginError1" time="1.137"/>
  <testcase classname="com.Salesforce.Automation.Salesforcelogin" name="LogintoSalesforce2" time="6.243"/>
</testsuite> <!-- LoginTest -->
